<?xml version="1.0" encoding="UTF-8"?>
<!-- Generated by org.testng.reporters.JUnitReportReporter -->
<testsuite name="Test.LoginTest" tests="1" time="17.072" ignored="0" failures="0" timestamp="19 May 2021 14:54:21 GMT" skipped="0" hostname="DESKTOP-941BKNN" errors="0">
  <testcase name="validatingloginpage" time="17.072" classname="Test.LoginTest"/>
</testsuite> <!-- Test.LoginTest -->
