<?xml version="1.0" encoding="UTF-8"?>
<!-- Generated by org.testng.reporters.JUnitReportReporter -->
<testsuite skipped="0" hostname="DESKTOP-941BKNN" name="Test.AddCustomerTest" tests="1" failures="0" timestamp="2021-05-27T20:46:57 CDT" time="21.389" errors="0">
  <testcase name="validatingcustomer" time="21.389" classname="Test.AddCustomerTest"/>
  <system-out/>
</testsuite> <!-- Test.AddCustomerTest -->
